<?xml version="1.0" encoding="UTF-8"?>
<!-- Generated by org.testng.reporters.JUnitReportReporter -->
<testsuite skipped="0" hostname="SHRIDHARN-WIN10" name="com.restassuredtraining.com.CRUDOperations" tests="1" failures="0" timestamp="02 Jul 2019 06:27:55 GMT" time="2.267" errors="0">
  <testcase name="post" time="2.267" classname="com.restassuredtraining.com.CRUDOperations"/>
</testsuite> <!-- com.restassuredtraining.com.CRUDOperations -->
