<?xml version="1.0" encoding="UTF-8"?>
<!-- Generated by org.testng.reporters.JUnitReportReporter -->
<testsuite skipped="0" hostname="NodeJS-REST" name="maven.mavenLearn.SmokeTest" tests="1" failures="0" timestamp="12 Sep 2018 12:23:42 GMT" time="2.571" errors="0">
  <testcase name="getWeather" time="2.571" classname="maven.mavenLearn.SmokeTest"/>
</testsuite> <!-- maven.mavenLearn.SmokeTest -->
