<?xml version="1.0" encoding="UTF-8"?>
<!-- Generated by org.testng.reporters.JUnitReportReporter -->
<testsuite skipped="0" hostname="NodeJS-REST" name="com.restassuredtraining.com.validateJSONSchema" tests="1" failures="0" timestamp="21 Sep 2018 06:41:45 GMT" time="1.574" errors="0">
  <testcase name="assertJSONSchema" time="1.574" classname="com.restassuredtraining.com.validateJSONSchema"/>
</testsuite> <!-- com.restassuredtraining.com.validateJSONSchema -->
