<?xml version="1.0" encoding="UTF-8"?>
<!-- Generated by org.testng.reporters.JUnitReportReporter -->
<testsuite skipped="0" hostname="SHRIDHARN-WIN10" name="com.restassuredtraining.com.SpecBuilder" tests="2" failures="0" timestamp="02 Jul 2019 06:11:42 GMT" time="1.250" errors="0">
  <testcase name="specificationBuilder2" time="0.307" classname="com.restassuredtraining.com.SpecBuilder"/>
  <testcase name="specificationBuilder1" time="0.943" classname="com.restassuredtraining.com.SpecBuilder"/>
</testsuite> <!-- com.restassuredtraining.com.SpecBuilder -->
