<?xml version="1.0" encoding="UTF-8"?>
<!-- Generated by org.testng.reporters.JUnitReportReporter -->
<testsuite skipped="0" hostname="NodeJS-REST" name="TestClass" tests="1" failures="0" timestamp="17 Sep 2018 07:57:34 GMT" time="2.476" errors="0">
  <testcase name="getWeather" time="2.476" classname="TestClass"/>
</testsuite> <!-- TestClass -->
