<?xml version="1.0" encoding="UTF-8"?>
<!-- Generated by org.testng.reporters.JUnitReportReporter -->
<testsuite skipped="0" hostname="SHRIDHARN-WIN10" name="com.restassuredtraining.com.basicAuth" tests="1" failures="0" timestamp="02 Jul 2019 06:34:49 GMT" time="2.103" errors="0">
  <testcase name="basicAuthorization" time="2.103" classname="com.restassuredtraining.com.basicAuth"/>
</testsuite> <!-- com.restassuredtraining.com.basicAuth -->
