<?xml version="1.0" encoding="UTF-8"?>
<!-- Generated by org.testng.reporters.JUnitReportReporter -->
<testsuite skipped="0" hostname="NodeJS-REST" name="com.restassuredtraining.com.JDBC" tests="1" failures="0" timestamp="21 Sep 2018 06:41:45 GMT" time="0.888" errors="0">
  <testcase name="validateDB" time="0.888" classname="com.restassuredtraining.com.JDBC"/>
</testsuite> <!-- com.restassuredtraining.com.JDBC -->
