<?xml version="1.0" encoding="UTF-8"?>
<!-- Generated by org.testng.reporters.JUnitReportReporter -->
<testsuite skipped="0" hostname="SHRIDHARN-WIN10" name="com.restassuredtraining.com.DataDrivenTest" tests="3" failures="0" timestamp="02 Jul 2019 06:28:18 GMT" time="2.016" errors="0">
  <testcase name="dataDrivenTesting" time="1.375" classname="com.restassuredtraining.com.DataDrivenTest"/>
  <testcase name="dataDrivenTesting" time="0.331" classname="com.restassuredtraining.com.DataDrivenTest"/>
  <testcase name="dataDrivenTesting" time="0.310" classname="com.restassuredtraining.com.DataDrivenTest"/>
</testsuite> <!-- com.restassuredtraining.com.DataDrivenTest -->
